Hi, whoami

whoami -97
USER -1
syslog -1
rtkit -1
root -172
ntp -1
nobody -1
messagebus -1
colord -1
avahi -2
Hi, whoami

whoami -97
USER -1
syslog -1
rtkit -1
root -172
ntp -1
nobody -1
messagebus -1
colord -1
avahi -2
Hi, whoami

whoami -97
USER -1
syslog -1
rtkit -1
root -172
ntp -1
nobody -1
messagebus -1
colord -1
avahi -2
Hi, whoami

whoami -96
USER -1
syslog -1
rtkit -1
root -173
ntp -1
nobody -1
messagebus -1
colord -1
avahi -2
Hi, whoami

whoami -96
USER -1
syslog -1
rtkit -1
root -173
ntp -1
nobody -1
messagebus -1
colord -1
avahi -2
Hi, whoami

whoami -96
USER -1
syslog -1
rtkit -1
root -173
ntp -1
nobody -1
messagebus -1
colord -1
avahi -2
Hi, whoami

whoami -96
USER -1
syslog -1
rtkit -1
root -173
ntp -1
nobody -1
messagebus -1
colord -1
avahi -2
Hi, whoami

whoami -94
USER -1
syslog -1
rtkit -1
root -173
ntp -1
nobody -1
messagebus -1
colord -1
avahi -2
Hi, whoami

whoami -92
USER -1
syslog -1
rtkit -1
root -173
ntp -1
nobody -1
messagebus -1
colord -1
avahi -2
