Hi, whoami

Чт окт 27 04:39:03 MSK 2016
whoami -93
USER -1
syslog -1
rtkit -1
root -173
ntp -1
nobody -1
messagebus -1
colord -1
avahi -2
Hi, whoami

Чт окт 27 04:39:08 MSK 2016
whoami -93
USER -1
syslog -1
rtkit -1
root -172
ntp -1
nobody -1
messagebus -1
colord -1
avahi -2
Hi, whoami

Чт окт 27 04:39:14 MSK 2016
whoami -93
USER -1
syslog -1
rtkit -1
root -173
ntp -1
nobody -1
messagebus -1
colord -1
avahi -2
Hi, whoami

Чт окт 27 04:39:19 MSK 2016
whoami -93
USER -1
syslog -1
rtkit -1
root -173
ntp -1
nobody -1
messagebus -1
colord -1
avahi -2
Hi, whoami

Чт окт 27 04:39:24 MSK 2016
whoami -93
USER -1
syslog -1
rtkit -1
root -173
ntp -1
nobody -1
messagebus -1
colord -1
avahi -2
Hi, whoami

Чт окт 27 04:39:29 MSK 2016
whoami -93
USER -1
syslog -1
rtkit -1
root -173
ntp -1
nobody -1
messagebus -1
colord -1
avahi -2
Hi, whoami

Чт окт 27 04:39:34 MSK 2016
whoami -93
USER -1
syslog -1
rtkit -1
root -173
ntp -1
nobody -1
messagebus -1
colord -1
avahi -2
Hi, whoami

Чт окт 27 04:39:39 MSK 2016
whoami -93
USER -1
syslog -1
rtkit -1
root -173
ntp -1
nobody -1
messagebus -1
colord -1
avahi -2
Hi, whoami

Чт окт 27 04:39:44 MSK 2016
whoami -93
USER -1
syslog -1
rtkit -1
root -173
ntp -1
nobody -1
messagebus -1
colord -1
avahi -2
Hi, whoami

Чт окт 27 04:39:49 MSK 2016
whoami -93
USER -1
syslog -1
rtkit -1
root -173
ntp -1
nobody -1
messagebus -1
colord -1
avahi -2
Hi, whoami

Чт окт 27 04:39:54 MSK 2016
whoami -93
USER -1
syslog -1
rtkit -1
root -173
ntp -1
nobody -1
messagebus -1
colord -1
avahi -2
Hi, whoami

Чт окт 27 04:39:59 MSK 2016
whoami -93
USER -1
syslog -1
rtkit -1
root -173
ntp -1
nobody -1
messagebus -1
colord -1
avahi -2
Hi, whoami

Чт окт 27 04:40:04 MSK 2016
whoami -93
USER -1
syslog -1
rtkit -1
root -173
ntp -1
nobody -1
messagebus -1
colord -1
avahi -2
