
Чт окт 27 04:40:15 MSK 2016
whoami -93
USER -1
syslog -1
rtkit -1
root -173
ntp -1
nobody -1
messagebus -1
colord -1
avahi -2

Чт окт 27 04:40:20 MSK 2016
whoami -93
USER -1
syslog -1
rtkit -1
root -173
ntp -1
nobody -1
messagebus -1
colord -1
avahi -2

Чт окт 27 04:40:25 MSK 2016
whoami -93
USER -1
syslog -1
rtkit -1
root -173
ntp -1
nobody -1
messagebus -1
colord -1
avahi -2

Чт окт 27 04:40:30 MSK 2016
whoami -93
USER -1
syslog -1
rtkit -1
root -173
ntp -1
nobody -1
messagebus -1
colord -1
avahi -2

Чт окт 27 04:40:35 MSK 2016
whoami -93
USER -1
syslog -1
rtkit -1
root -173
ntp -1
nobody -1
messagebus -1
colord -1
avahi -2

Чт окт 27 04:40:40 MSK 2016
whoami -93
USER -1
syslog -1
rtkit -1
root -173
ntp -1
nobody -1
messagebus -1
colord -1
avahi -2

Чт окт 27 04:40:45 MSK 2016
whoami -93
USER -1
syslog -1
rtkit -1
root -173
ntp -1
nobody -1
messagebus -1
colord -1
avahi -2

Чт окт 27 04:40:50 MSK 2016
whoami -93
USER -1
syslog -1
rtkit -1
root -173
ntp -1
nobody -1
messagebus -1
colord -1
avahi -2

Чт окт 27 04:40:55 MSK 2016
whoami -93
USER -1
syslog -1
rtkit -1
root -173
ntp -1
nobody -1
messagebus -1
colord -1
avahi -2

Чт окт 27 04:41:00 MSK 2016
whoami -93
USER -1
syslog -1
rtkit -1
root -173
ntp -1
nobody -1
messagebus -1
colord -1
avahi -2

Чт окт 27 04:41:05 MSK 2016
whoami -93
USER -1
syslog -1
rtkit -1
root -174
ntp -1
nobody -1
messagebus -1
colord -1
avahi -2

Чт окт 27 04:41:10 MSK 2016
whoami -93
USER -1
syslog -1
rtkit -1
root -174
ntp -1
nobody -1
messagebus -1
colord -1
avahi -2

Чт окт 27 04:41:15 MSK 2016
whoami -93
USER -1
syslog -1
rtkit -1
root -173
ntp -1
nobody -1
messagebus -1
colord -1
avahi -2
