
Чт окт 27 04:42:59 MSK 2016
whoami -82
USER -1
syslog -1
rtkit -1
root -173
ntp -1
nobody -1
messagebus -1
colord -1
avahi -2

Чт окт 27 04:43:04 MSK 2016
whoami -82
USER -1
syslog -1
rtkit -1
root -173
ntp -1
nobody -1
messagebus -1
colord -1
avahi -2

Чт окт 27 04:43:09 MSK 2016
whoami -83
USER -1
syslog -1
rtkit -1
root -173
ntp -1
nobody -1
messagebus -1
colord -1
avahi -2

Чт окт 27 04:43:14 MSK 2016
whoami -83
USER -1
syslog -1
rtkit -1
root -174
ntp -1
nobody -1
messagebus -1
colord -1
avahi -2

Чт окт 27 04:43:19 MSK 2016
whoami -83
USER -1
syslog -1
rtkit -1
root -174
ntp -1
nobody -1
messagebus -1
colord -1
avahi -2

Чт окт 27 04:43:24 MSK 2016
whoami -83
USER -1
syslog -1
rtkit -1
root -174
ntp -1
nobody -1
messagebus -1
colord -1
avahi -2

Чт окт 27 04:43:29 MSK 2016
whoami -82
USER -1
syslog -1
rtkit -1
root -174
ntp -1
nobody -1
messagebus -1
colord -1
avahi -2
