
Чт окт 27 04:47:27 MSK 2016
whoami -47
USER -1
syslog -1
rtkit -1
root -191
ntp -1
nobody -1
messagebus -1
lp -2
colord -1
avahi -2

Чт окт 27 04:47:32 MSK 2016
whoami -47
USER -1
syslog -1
rtkit -1
root -191
ntp -1
nobody -1
messagebus -1
lp -2
colord -1
avahi -2

Чт окт 27 04:47:37 MSK 2016
whoami -47
USER -1
syslog -1
rtkit -1
root -191
ntp -1
nobody -1
messagebus -1
lp -2
colord -1
avahi -2

Чт окт 27 04:47:42 MSK 2016
whoami -48
USER -1
syslog -1
rtkit -1
root -191
ntp -1
nobody -1
messagebus -1
lp -2
colord -1
avahi -2

Чт окт 27 04:47:47 MSK 2016
whoami -48
USER -1
syslog -1
rtkit -1
root -191
ntp -1
nobody -1
messagebus -1
lp -2
colord -1
avahi -2

Чт окт 27 04:47:52 MSK 2016
whoami -48
USER -1
syslog -1
rtkit -1
root -191
ntp -1
nobody -1
messagebus -1
lp -2
colord -1
avahi -2

Чт окт 27 04:47:57 MSK 2016
whoami -48
USER -1
syslog -1
rtkit -1
root -191
ntp -1
nobody -1
messagebus -1
lp -2
colord -1
avahi -2

Чт окт 27 04:48:02 MSK 2016
whoami -48
USER -1
syslog -1
rtkit -1
root -191
ntp -1
nobody -1
messagebus -1
lp -2
colord -1
avahi -2

Чт окт 27 04:48:07 MSK 2016
whoami -48
USER -1
syslog -1
rtkit -1
root -191
ntp -1
nobody -1
messagebus -1
lp -2
colord -1
avahi -2

Чт окт 27 04:48:12 MSK 2016
whoami -48
USER -1
syslog -1
rtkit -1
root -191
ntp -1
nobody -1
messagebus -1
lp -2
colord -1
avahi -2

Чт окт 27 04:48:17 MSK 2016
whoami -48
USER -1
syslog -1
rtkit -1
root -191
ntp -1
nobody -1
messagebus -1
lp -2
colord -1
avahi -2

Чт окт 27 04:48:22 MSK 2016
whoami -48
USER -1
syslog -1
rtkit -1
root -191
ntp -1
nobody -1
messagebus -1
lp -2
colord -1
avahi -2

Чт окт 27 04:48:27 MSK 2016
whoami -51
USER -1
syslog -1
rtkit -1
root -191
ntp -1
nobody -1
messagebus -1
lp -2
colord -1
avahi -2

Чт окт 27 04:48:32 MSK 2016
whoami -57
USER -1
syslog -1
rtkit -1
root -191
ntp -1
nobody -1
messagebus -1
lp -2
colord -1
avahi -2

Чт окт 27 04:48:37 MSK 2016
whoami -60
USER -1
syslog -1
rtkit -1
root -191
ntp -1
nobody -1
messagebus -1
lp -2
colord -1
avahi -2

Чт окт 27 04:48:42 MSK 2016
whoami -66
USER -1
syslog -1
rtkit -1
root -191
ntp -1
nobody -1
messagebus -1
lp -2
colord -1
avahi -2

Чт окт 27 04:48:47 MSK 2016
whoami -67
USER -1
syslog -1
rtkit -1
root -191
ntp -1
nobody -1
messagebus -1
lp -2
colord -1
avahi -2

Чт окт 27 04:48:52 MSK 2016
whoami -67
USER -1
syslog -1
rtkit -1
root -191
ntp -1
nobody -1
messagebus -1
lp -2
colord -1
avahi -2

Чт окт 27 04:48:57 MSK 2016
whoami -68
USER -1
syslog -1
rtkit -1
root -191
ntp -1
nobody -1
messagebus -1
lp -2
colord -1
avahi -2

Чт окт 27 04:49:02 MSK 2016
whoami -70
USER -1
syslog -1
rtkit -1
root -179
ntp -1
nobody -1
messagebus -1
lp -2
colord -1
avahi -2

Чт окт 27 04:49:07 MSK 2016
whoami -72
USER -1
syslog -1
rtkit -1
root -179
ntp -1
nobody -1
messagebus -1
lp -2
colord -1
avahi -2

Чт окт 27 04:49:12 MSK 2016
whoami -74
USER -1
syslog -1
rtkit -1
root -180
ntp -1
nobody -1
messagebus -1
lp -2
colord -1
avahi -2

Чт окт 27 04:49:17 MSK 2016
whoami -75
USER -1
syslog -1
rtkit -1
root -177
ntp -1
nobody -1
messagebus -1
lp -2
colord -1
avahi -2

Чт окт 27 04:49:22 MSK 2016
whoami -76
USER -1
syslog -1
rtkit -1
root -174
ntp -1
nobody -1
messagebus -1
lp -2
colord -1
avahi -2

Чт окт 27 04:49:27 MSK 2016
whoami -76
USER -1
syslog -1
rtkit -1
root -174
ntp -1
nobody -1
messagebus -1
lp -2
colord -1
avahi -2

Чт окт 27 04:49:32 MSK 2016
whoami -76
USER -1
syslog -1
rtkit -1
root -179
ntp -1
nobody -1
messagebus -1
lp -2
colord -1
avahi -2

Чт окт 27 04:49:37 MSK 2016
whoami -76
USER -1
syslog -1
rtkit -1
root -180
ntp -1
nobody -1
messagebus -1
lp -2
colord -1
avahi -2

Чт окт 27 04:49:42 MSK 2016
whoami -76
USER -1
syslog -1
rtkit -1
root -181
ntp -1
nobody -1
messagebus -1
lp -2
colord -1
avahi -2

Чт окт 27 04:49:47 MSK 2016
whoami -76
USER -1
syslog -1
rtkit -1
root -181
ntp -1
nobody -1
messagebus -1
lp -2
colord -1
avahi -2

Чт окт 27 04:49:52 MSK 2016
whoami -75
USER -1
syslog -1
rtkit -1
root -182
ntp -1
nobody -1
messagebus -1
lp -2
colord -1
avahi -2

Чт окт 27 11:28:03 MSK 2016
whoami -76
USER -1
syslog -1
rtkit -1
root -305
ntp -1
nobody -1
messagebus -1
lp -2
colord -2
avahi -2

Чт окт 27 11:28:08 MSK 2016
whoami -76
USER -1
syslog -1
rtkit -1
root -300
ntp -1
nobody -1
messagebus -1
lp -2
colord -1
avahi -2

Чт окт 27 11:28:13 MSK 2016
whoami -75
USER -1
syslog -1
rtkit -1
root -300
ntp -1
nobody -1
messagebus -1
lp -2
colord -1
avahi -2

Чт окт 27 11:28:18 MSK 2016
whoami -75
USER -1
syslog -1
rtkit -1
root -299
ntp -1
nobody -1
messagebus -1
lp -2
colord -1
avahi -2

Чт окт 27 11:28:24 MSK 2016
whoami -75
USER -1
syslog -1
rtkit -1
root -299
ntp -1
nobody -1
messagebus -1
lp -2
colord -1
avahi -2

Чт окт 27 11:28:29 MSK 2016
whoami -75
USER -1
syslog -1
rtkit -1
root -299
ntp -1
nobody -1
messagebus -1
lp -2
colord -1
avahi -2

Чт окт 27 11:28:34 MSK 2016
whoami -75
USER -1
syslog -1
rtkit -1
root -299
ntp -1
nobody -1
messagebus -1
lp -2
colord -1
avahi -2

Чт окт 27 11:28:39 MSK 2016
whoami -75
USER -1
syslog -1
rtkit -1
root -299
ntp -1
nobody -1
messagebus -1
lp -2
colord -1
avahi -2

Чт окт 27 11:28:44 MSK 2016
whoami -76
USER -1
syslog -1
rtkit -1
root -299
ntp -1
nobody -1
messagebus -1
lp -2
colord -1
avahi -2

Чт окт 27 11:28:49 MSK 2016
whoami -75
USER -1
syslog -1
rtkit -1
root -299
ntp -1
nobody -1
messagebus -1
lp -2
colord -1
avahi -2

Чт окт 27 11:28:54 MSK 2016
whoami -75
USER -1
syslog -1
rtkit -1
root -299
ntp -1
nobody -1
messagebus -1
lp -2
colord -1
avahi -2

Чт окт 27 11:28:59 MSK 2016
whoami -75
USER -1
syslog -1
rtkit -1
root -299
ntp -1
nobody -1
messagebus -1
lp -2
colord -1
avahi -2

Чт окт 27 11:29:04 MSK 2016
whoami -75
USER -1
syslog -1
rtkit -1
root -299
ntp -1
nobody -1
messagebus -1
lp -2
colord -1
avahi -2

Чт окт 27 11:29:09 MSK 2016
whoami -75
USER -1
syslog -1
rtkit -1
root -299
ntp -1
nobody -1
messagebus -1
lp -2
colord -1
avahi -2

Чт окт 27 11:29:14 MSK 2016
whoami -75
USER -1
syslog -1
rtkit -1
root -299
ntp -1
nobody -1
messagebus -1
lp -2
colord -1
avahi -2

Чт окт 27 11:29:19 MSK 2016
whoami -75
USER -1
syslog -1
rtkit -1
root -299
ntp -1
nobody -1
messagebus -1
lp -2
colord -1
avahi -2

Чт окт 27 11:29:24 MSK 2016
whoami -75
USER -1
syslog -1
rtkit -1
root -299
ntp -1
nobody -1
messagebus -1
lp -2
colord -1
avahi -2

Чт окт 27 11:29:29 MSK 2016
whoami -74
USER -1
syslog -1
rtkit -1
root -299
ntp -1
nobody -1
messagebus -1
lp -2
colord -1
avahi -2

Чт окт 27 11:29:34 MSK 2016
whoami -74
USER -1
syslog -1
rtkit -1
root -293
ntp -1
nobody -1
messagebus -1
lp -2
colord -1
avahi -2

Чт окт 27 11:29:39 MSK 2016
whoami -74
whoami -74
USER -1
syslog -1
rtkit -1
root -293
ntp -1
nobody -1
messagebus -1
colord -1
avahi -2

Чт окт 27 11:29:44 MSK 2016
whoami -74
whoami -75
USER -1
syslog -1
rtkit -1
root -293
ntp -1
nobody -1
messagebus -1
colord -1
avahi -2

Чт окт 27 11:29:49 MSK 2016
whoami -74
whoami -74
USER -1
syslog -1
rtkit -1
root -293
ntp -1
nobody -1
messagebus -1
colord -1
avahi -2

Чт окт 27 11:29:54 MSK 2016
whoami -74
whoami -74
USER -1
syslog -1
rtkit -1
root -293
ntp -1
nobody -1
messagebus -1
colord -1
avahi -2

Чт окт 27 11:29:59 MSK 2016
whoami -74
whoami -74
USER -1
syslog -1
rtkit -1
root -293
ntp -1
nobody -1
messagebus -1
colord -1
avahi -2

Чт окт 27 11:30:04 MSK 2016
whoami -74
whoami -74
USER -1
syslog -1
rtkit -1
root -293
ntp -1
nobody -1
messagebus -1
colord -1
avahi -2

Чт окт 27 11:30:09 MSK 2016
whoami -74
whoami -74
USER -1
syslog -1
rtkit -1
root -293
ntp -1
nobody -1
messagebus -1
colord -1
avahi -2

Чт окт 27 11:30:14 MSK 2016
whoami -74
whoami -74
USER -1
syslog -1
rtkit -1
root -293
ntp -1
nobody -1
messagebus -1
colord -1
avahi -2

Чт окт 27 11:30:19 MSK 2016
whoami -74
whoami -74
USER -1
syslog -1
rtkit -1
root -293
ntp -1
nobody -1
messagebus -1
colord -1
avahi -2

Чт окт 27 11:30:24 MSK 2016
whoami -74
whoami -74
USER -1
syslog -1
rtkit -1
root -293
ntp -1
nobody -1
messagebus -1
colord -1
avahi -2

Чт окт 27 11:30:29 MSK 2016
whoami -74
whoami -74
USER -1
syslog -1
rtkit -1
root -293
ntp -1
nobody -1
messagebus -1
colord -1
avahi -2

Чт окт 27 11:30:34 MSK 2016
whoami -74
whoami -74
USER -1
syslog -1
rtkit -1
root -293
ntp -1
nobody -1
messagebus -1
colord -1
avahi -2

Чт окт 27 11:30:39 MSK 2016
whoami -74
whoami -74
USER -1
syslog -1
rtkit -1
root -293
ntp -1
nobody -1
messagebus -1
colord -1
avahi -2

Чт окт 27 11:30:44 MSK 2016
whoami -74
whoami -74
USER -1
syslog -1
rtkit -1
root -293
ntp -1
nobody -1
messagebus -1
colord -1
avahi -2

Чт окт 27 11:30:49 MSK 2016
whoami -74
whoami -74
USER -1
syslog -1
rtkit -1
root -293
ntp -1
nobody -1
messagebus -1
colord -1
avahi -2

Чт окт 27 11:30:54 MSK 2016
whoami -74
whoami -74
USER -1
syslog -1
rtkit -1
root -293
ntp -1
nobody -1
messagebus -1
colord -1
avahi -2

Чт окт 27 11:30:59 MSK 2016
whoami -74
whoami -74
USER -1
syslog -1
rtkit -1
root -293
ntp -1
nobody -1
messagebus -1
colord -1
avahi -2

Чт окт 27 11:31:04 MSK 2016
whoami -74
whoami -74
USER -1
syslog -1
rtkit -1
root -293
ntp -1
nobody -1
messagebus -1
colord -1
avahi -2

Чт окт 27 11:31:10 MSK 2016
whoami -74
whoami -74
USER -1
syslog -1
rtkit -1
root -293
ntp -1
nobody -1
messagebus -1
colord -1
avahi -2

Чт окт 27 11:31:15 MSK 2016
whoami -74
whoami -74
USER -1
syslog -1
rtkit -1
root -293
ntp -1
nobody -1
messagebus -1
colord -1
avahi -2

Чт окт 27 11:31:20 MSK 2016
whoami -74
whoami -74
USER -1
syslog -1
rtkit -1
root -293
ntp -1
nobody -1
messagebus -1
colord -1
avahi -2

Чт окт 27 11:31:25 MSK 2016
whoami -74
whoami -74
USER -1
syslog -1
rtkit -1
root -293
ntp -1
nobody -1
messagebus -1
colord -1
avahi -2

Чт окт 27 11:31:30 MSK 2016
whoami -74
whoami -74
USER -1
syslog -1
rtkit -1
root -293
ntp -1
nobody -1
messagebus -1
colord -1
avahi -2

Чт окт 27 11:31:35 MSK 2016
whoami -74
whoami -74
USER -1
syslog -1
rtkit -1
root -293
ntp -1
nobody -1
messagebus -1
colord -1
avahi -2

Чт окт 27 11:31:40 MSK 2016
whoami -74
whoami -74
USER -1
syslog -1
rtkit -1
root -293
ntp -1
nobody -1
messagebus -1
colord -1
avahi -2

Чт окт 27 11:31:45 MSK 2016
whoami -74
whoami -74
USER -1
syslog -1
rtkit -1
root -293
ntp -1
nobody -1
messagebus -1
colord -1
avahi -2

Чт окт 27 11:31:50 MSK 2016
whoami -74
whoami -74
USER -1
syslog -1
rtkit -1
root -293
ntp -1
nobody -1
messagebus -1
colord -1
avahi -2

Чт окт 27 11:31:55 MSK 2016
whoami -74
whoami -74
USER -1
syslog -1
rtkit -1
root -293
ntp -1
nobody -1
messagebus -1
colord -1
avahi -2

Чт окт 27 11:32:00 MSK 2016
whoami -74
whoami -74
USER -1
syslog -1
rtkit -1
root -293
ntp -1
nobody -1
messagebus -1
colord -1
avahi -2

Чт окт 27 11:32:05 MSK 2016
whoami -74
whoami -74
USER -1
syslog -1
rtkit -1
root -293
ntp -1
nobody -1
messagebus -1
colord -1
avahi -2

Чт окт 27 11:32:10 MSK 2016
whoami -74
whoami -74
USER -1
syslog -1
rtkit -1
root -293
ntp -1
nobody -1
messagebus -1
colord -1
avahi -2

Чт окт 27 11:32:15 MSK 2016
whoami -74
whoami -74
USER -1
syslog -1
rtkit -1
root -293
ntp -1
nobody -1
messagebus -1
colord -1
avahi -2

Чт окт 27 11:32:20 MSK 2016
whoami -74
whoami -74
USER -1
syslog -1
rtkit -1
root -293
ntp -1
nobody -1
messagebus -1
colord -1
avahi -2

Чт окт 27 11:32:25 MSK 2016
whoami -74
whoami -74
USER -1
syslog -1
rtkit -1
root -293
ntp -1
nobody -1
messagebus -1
colord -1
avahi -2

Чт окт 27 11:32:30 MSK 2016
whoami -74
whoami -74
USER -1
syslog -1
rtkit -1
root -293
ntp -1
nobody -1
messagebus -1
colord -1
avahi -2

Чт окт 27 11:32:35 MSK 2016
whoami -74
whoami -74
USER -1
syslog -1
rtkit -1
root -293
ntp -1
nobody -1
messagebus -1
colord -1
avahi -2

Чт окт 27 11:32:40 MSK 2016
whoami -74
whoami -74
USER -1
syslog -1
rtkit -1
root -293
ntp -1
nobody -1
messagebus -1
colord -1
avahi -2

Чт окт 27 11:32:45 MSK 2016
whoami -74
whoami -74
USER -1
syslog -1
rtkit -1
root -293
ntp -1
nobody -1
messagebus -1
colord -1
avahi -2

Чт окт 27 11:32:50 MSK 2016
whoami -74
whoami -74
USER -1
syslog -1
rtkit -1
root -293
ntp -1
nobody -1
messagebus -1
colord -1
avahi -2

Чт окт 27 11:32:55 MSK 2016
whoami -74
whoami -74
USER -1
syslog -1
rtkit -1
root -293
ntp -1
nobody -1
messagebus -1
colord -1
avahi -2

Чт окт 27 11:33:00 MSK 2016
whoami -74
whoami -74
USER -1
syslog -1
rtkit -1
root -293
ntp -1
nobody -1
messagebus -1
colord -1
avahi -2

Чт окт 27 11:33:05 MSK 2016
whoami -74
whoami -74
USER -1
syslog -1
rtkit -1
root -171
ntp -1
nobody -1
messagebus -1
colord -1
avahi -2

Чт окт 27 11:33:10 MSK 2016
whoami -74
whoami -74
USER -1
syslog -1
rtkit -1
root -170
ntp -1
nobody -1
messagebus -1
colord -1
avahi -2

Чт окт 27 11:33:15 MSK 2016
whoami -74
whoami -74
USER -1
syslog -1
rtkit -1
root -170
ntp -1
nobody -1
messagebus -1
colord -1
avahi -2

Чт окт 27 11:33:20 MSK 2016
whoami -74
whoami -74
USER -1
syslog -1
rtkit -1
root -170
ntp -1
nobody -1
messagebus -1
colord -1
avahi -2

Чт окт 27 11:33:25 MSK 2016
whoami -74
whoami -74
USER -1
syslog -1
rtkit -1
root -170
ntp -1
nobody -1
messagebus -1
colord -1
avahi -2

Чт окт 27 11:33:30 MSK 2016
whoami -74
whoami -74
USER -1
syslog -1
rtkit -1
root -170
ntp -1
nobody -1
messagebus -1
colord -1
avahi -2

Чт окт 27 11:33:35 MSK 2016
whoami -74
whoami -74
USER -1
syslog -1
rtkit -1
root -170
ntp -1
nobody -1
messagebus -1
colord -1
avahi -2

Чт окт 27 11:33:40 MSK 2016
whoami -74
whoami -74
USER -1
syslog -1
rtkit -1
root -170
ntp -1
nobody -1
messagebus -1
colord -1
avahi -2

Чт окт 27 11:33:45 MSK 2016
whoami -74
whoami -74
USER -1
syslog -1
rtkit -1
root -170
ntp -1
nobody -1
messagebus -1
colord -1
avahi -2

Чт окт 27 11:33:50 MSK 2016
whoami -74
whoami -74
USER -1
syslog -1
rtkit -1
root -170
ntp -1
nobody -1
messagebus -1
colord -1
avahi -2

Чт окт 27 11:33:56 MSK 2016
whoami -74
whoami -74
USER -1
syslog -1
rtkit -1
root -170
ntp -1
nobody -1
messagebus -1
colord -1
avahi -2

Чт окт 27 11:34:01 MSK 2016
whoami -74
whoami -74
USER -1
syslog -1
rtkit -1
root -170
ntp -1
nobody -1
messagebus -1
colord -1
avahi -2

Чт окт 27 11:34:06 MSK 2016
whoami -74
whoami -74
USER -1
syslog -1
rtkit -1
root -170
ntp -1
nobody -1
messagebus -1
colord -1
avahi -2

Чт окт 27 11:34:11 MSK 2016
whoami -74
whoami -74
USER -1
syslog -1
rtkit -1
root -170
ntp -1
nobody -1
messagebus -1
colord -1
avahi -2

Чт окт 27 11:34:16 MSK 2016
whoami -74
whoami -74
USER -1
syslog -1
rtkit -1
root -170
ntp -1
nobody -1
messagebus -1
colord -1
avahi -2

Чт окт 27 11:34:21 MSK 2016
whoami -74
whoami -74
USER -1
syslog -1
rtkit -1
root -170
ntp -1
nobody -1
messagebus -1
colord -1
avahi -2

Чт окт 27 11:34:26 MSK 2016
whoami -74
whoami -74
USER -1
syslog -1
rtkit -1
root -170
ntp -1
nobody -1
messagebus -1
colord -1
avahi -2

Чт окт 27 11:34:31 MSK 2016
whoami -74
whoami -74
USER -1
syslog -1
rtkit -1
root -170
ntp -1
nobody -1
messagebus -1
colord -1
avahi -2

Чт окт 27 11:34:36 MSK 2016
whoami -74
whoami -74
USER -1
syslog -1
rtkit -1
root -170
ntp -1
nobody -1
messagebus -1
colord -1
avahi -2

Чт окт 27 11:34:41 MSK 2016
whoami -74
whoami -74
USER -1
syslog -1
rtkit -1
root -169
ntp -1
nobody -1
messagebus -1
colord -1
avahi -2

Чт окт 27 11:34:46 MSK 2016
whoami -74
whoami -74
USER -1
syslog -1
rtkit -1
root -169
ntp -1
nobody -1
messagebus -1
colord -1
avahi -2

Чт окт 27 11:34:51 MSK 2016
whoami -74
whoami -74
USER -1
syslog -1
rtkit -1
root -169
ntp -1
nobody -1
messagebus -1
colord -1
avahi -2

Чт окт 27 11:34:56 MSK 2016
whoami -74
whoami -74
USER -1
syslog -1
rtkit -1
root -169
ntp -1
nobody -1
messagebus -1
colord -1
avahi -2

Чт окт 27 11:35:01 MSK 2016
whoami -75
USER -1
syslog -1
rtkit -1
root -172
ntp -1
nobody -1
messagebus -1
colord -1
avahi -2
_apt -10

Чт окт 27 11:35:06 MSK 2016
whoami -75
whoami -75
USER -1
syslog -1
rtkit -1
root -176
ntp -1
nobody -1
messagebus -1
colord -1
avahi -2

Чт окт 27 11:35:12 MSK 2016
whoami -75
whoami -74
USER -1
syslog -1
rtkit -1
root -172
ntp -1
nobody -1
messagebus -1
colord -1
avahi -2

Чт окт 27 11:35:17 MSK 2016
whoami -75
whoami -74
USER -1
syslog -1
rtkit -1
root -172
ntp -1
nobody -1
messagebus -1
colord -1
avahi -2

Чт окт 27 11:35:22 MSK 2016
whoami -75
whoami -74
USER -1
syslog -1
rtkit -1
root -172
ntp -1
nobody -1
messagebus -1
colord -1
avahi -2

Чт окт 27 11:35:27 MSK 2016
whoami -75
whoami -74
USER -1
syslog -1
rtkit -1
root -172
ntp -1
nobody -1
messagebus -1
colord -1
avahi -2

Чт окт 27 11:35:32 MSK 2016
whoami -75
whoami -74
USER -1
syslog -1
rtkit -1
root -172
ntp -1
nobody -1
messagebus -1
colord -1
avahi -2

Чт окт 27 11:35:37 MSK 2016
whoami -75
whoami -74
USER -1
syslog -1
rtkit -1
root -172
ntp -1
nobody -1
messagebus -1
colord -1
avahi -2

Чт окт 27 11:35:42 MSK 2016
whoami -75
whoami -74
USER -1
syslog -1
rtkit -1
root -172
ntp -1
nobody -1
messagebus -1
colord -1
avahi -2

Чт окт 27 11:35:47 MSK 2016
whoami -75
whoami -74
USER -1
syslog -1
rtkit -1
root -172
ntp -1
nobody -1
messagebus -1
colord -1
avahi -2

Чт окт 27 11:35:53 MSK 2016
whoami -75
whoami -74
USER -1
syslog -1
rtkit -1
root -172
ntp -1
nobody -1
messagebus -1
colord -1
avahi -2

Чт окт 27 11:35:58 MSK 2016
whoami -75
whoami -74
USER -1
syslog -1
rtkit -1
root -172
ntp -1
nobody -1
messagebus -1
colord -1
avahi -2

Чт окт 27 11:36:03 MSK 2016
whoami -75
whoami -74
USER -1
syslog -1
rtkit -1
root -171
ntp -1
nobody -1
messagebus -1
colord -1
avahi -2

Чт окт 27 11:36:08 MSK 2016
whoami -75
whoami -74
USER -1
syslog -1
rtkit -1
root -172
ntp -1
nobody -1
messagebus -1
colord -1
avahi -2

Чт окт 27 11:36:13 MSK 2016
whoami -75
whoami -74
USER -1
syslog -1
rtkit -1
root -172
ntp -1
nobody -1
messagebus -1
colord -1
avahi -2

Чт окт 27 11:36:18 MSK 2016
whoami -75
whoami -74
USER -1
syslog -1
rtkit -1
root -172
ntp -1
nobody -1
messagebus -1
colord -1
avahi -2

Чт окт 27 11:36:23 MSK 2016
whoami -75
whoami -74
USER -1
syslog -1
rtkit -1
root -172
ntp -1
nobody -1
messagebus -1
colord -1
avahi -2

Чт окт 27 11:36:28 MSK 2016
whoami -75
whoami -74
USER -1
syslog -1
rtkit -1
root -173
ntp -1
nobody -1
messagebus -1
colord -1
avahi -2

Чт окт 27 11:36:33 MSK 2016
whoami -75
whoami -74
USER -1
syslog -1
rtkit -1
root -173
ntp -1
nobody -1
messagebus -1
colord -1
avahi -2

Чт окт 27 11:36:38 MSK 2016
whoami -75
whoami -74
USER -1
syslog -1
rtkit -1
root -173
ntp -1
nobody -1
messagebus -1
colord -1
avahi -2

Чт окт 27 11:36:43 MSK 2016
whoami -75
whoami -74
USER -1
syslog -1
rtkit -1
root -173
ntp -1
nobody -1
messagebus -1
colord -1
avahi -2

Чт окт 27 11:36:48 MSK 2016
whoami -75
whoami -74
USER -1
syslog -1
rtkit -1
root -173
ntp -1
nobody -1
messagebus -1
colord -1
avahi -2

Чт окт 27 11:36:53 MSK 2016
whoami -75
whoami -74
USER -1
syslog -1
rtkit -1
root -173
ntp -1
nobody -1
messagebus -1
colord -1
avahi -2

Чт окт 27 11:36:58 MSK 2016
whoami -75
whoami -74
USER -1
syslog -1
rtkit -1
root -173
ntp -1
nobody -1
messagebus -1
colord -1
avahi -2

Чт окт 27 11:37:03 MSK 2016
whoami -75
whoami -74
USER -1
syslog -1
rtkit -1
root -173
ntp -1
nobody -1
messagebus -1
colord -1
avahi -2

Чт окт 27 11:37:08 MSK 2016
whoami -75
whoami -74
USER -1
syslog -1
rtkit -1
root -173
ntp -1
nobody -1
messagebus -1
colord -1
avahi -2

Чт окт 27 11:37:13 MSK 2016
whoami -75
whoami -74
USER -1
syslog -1
rtkit -1
root -173
ntp -1
nobody -1
messagebus -1
colord -1
avahi -2

Чт окт 27 11:37:18 MSK 2016
whoami -75
whoami -74
USER -1
syslog -1
rtkit -1
root -173
ntp -1
nobody -1
messagebus -1
colord -1
avahi -2

Чт окт 27 11:37:23 MSK 2016
whoami -75
whoami -74
USER -1
syslog -1
rtkit -1
root -173
ntp -1
nobody -1
messagebus -1
colord -1
avahi -2

Чт окт 27 11:37:28 MSK 2016
whoami -75
whoami -74
USER -1
syslog -1
rtkit -1
root -173
ntp -1
nobody -1
messagebus -1
colord -1
avahi -2

Чт окт 27 11:37:33 MSK 2016
whoami -75
whoami -74
USER -1
syslog -1
rtkit -1
root -173
ntp -1
nobody -1
messagebus -1
colord -1
avahi -2

Чт окт 27 11:37:38 MSK 2016
whoami -75
whoami -74
USER -1
syslog -1
rtkit -1
root -173
ntp -1
nobody -1
messagebus -1
colord -1
avahi -2

Чт окт 27 11:37:43 MSK 2016
whoami -75
whoami -74
USER -1
syslog -1
rtkit -1
root -173
ntp -1
nobody -1
messagebus -1
colord -1
avahi -2

Чт окт 27 11:37:48 MSK 2016
whoami -75
whoami -74
USER -1
syslog -1
rtkit -1
root -173
ntp -1
nobody -1
messagebus -1
colord -1
avahi -2

Чт окт 27 11:37:53 MSK 2016
whoami -75
whoami -74
USER -1
syslog -1
rtkit -1
root -173
ntp -1
nobody -1
messagebus -1
colord -1
avahi -2

Чт окт 27 11:37:58 MSK 2016
whoami -75
whoami -74
USER -1
syslog -1
rtkit -1
root -173
ntp -1
nobody -1
messagebus -1
colord -1
avahi -2

Чт окт 27 11:38:03 MSK 2016
whoami -75
whoami -74
USER -1
syslog -1
rtkit -1
root -173
ntp -1
nobody -1
messagebus -1
colord -1
avahi -2

Чт окт 27 11:38:08 MSK 2016
whoami -75
whoami -74
USER -1
syslog -1
rtkit -1
root -173
ntp -1
nobody -1
messagebus -1
colord -1
avahi -2

Чт окт 27 11:38:13 MSK 2016
whoami -75
whoami -74
USER -1
syslog -1
rtkit -1
root -173
ntp -1
nobody -1
messagebus -1
colord -1
avahi -2

Чт окт 27 11:38:18 MSK 2016
whoami -75
whoami -74
USER -1
syslog -1
rtkit -1
root -173
ntp -1
nobody -1
messagebus -1
colord -1
avahi -2

Чт окт 27 11:38:23 MSK 2016
whoami -75
whoami -74
USER -1
syslog -1
rtkit -1
root -173
ntp -1
nobody -1
messagebus -1
colord -1
avahi -2

Чт окт 27 11:38:28 MSK 2016
whoami -75
whoami -74
USER -1
syslog -1
rtkit -1
root -173
ntp -1
nobody -1
messagebus -1
colord -1
avahi -2

Чт окт 27 11:38:33 MSK 2016
whoami -75
whoami -74
USER -1
syslog -1
rtkit -1
root -173
ntp -1
nobody -1
messagebus -1
colord -1
avahi -2

Чт окт 27 11:38:38 MSK 2016
whoami -75
whoami -74
USER -1
syslog -1
rtkit -1
root -173
ntp -1
nobody -1
messagebus -1
colord -1
avahi -2

Чт окт 27 11:38:43 MSK 2016
whoami -75
whoami -74
USER -1
syslog -1
rtkit -1
root -173
ntp -1
nobody -1
messagebus -1
colord -1
avahi -2

Чт окт 27 11:38:48 MSK 2016
whoami -75
whoami -74
USER -1
syslog -1
rtkit -1
root -173
ntp -1
nobody -1
messagebus -1
colord -1
avahi -2

Чт окт 27 11:38:53 MSK 2016
whoami -75
whoami -74
USER -1
syslog -1
rtkit -1
root -173
ntp -1
nobody -1
messagebus -1
colord -1
avahi -2

Чт окт 27 11:38:58 MSK 2016
whoami -75
whoami -74
USER -1
syslog -1
rtkit -1
root -173
ntp -1
nobody -1
messagebus -1
colord -1
avahi -2

Чт окт 27 11:39:04 MSK 2016
whoami -75
whoami -74
USER -1
syslog -1
rtkit -1
root -173
ntp -1
nobody -1
messagebus -1
colord -1
avahi -2

Чт окт 27 11:39:09 MSK 2016
whoami -75
whoami -74
USER -1
syslog -1
rtkit -1
root -173
ntp -1
nobody -1
messagebus -1
colord -1
avahi -2

Чт окт 27 11:39:14 MSK 2016
whoami -75
whoami -73
USER -1
syslog -1
rtkit -1
root -173
ntp -1
nobody -1
messagebus -1
colord -2
avahi -2

Чт окт 27 11:39:19 MSK 2016
whoami -75
whoami -68
USER -1
syslog -1
rtkit -1
root -173
ntp -1
nobody -1
messagebus -1
colord -1
avahi -2
