
Чт окт 27 13:09:00 MSK 2016
whoami -49
USER -1
syslog -1
rtkit -1
root -191
messagebus -1
lp -3
colord -1
avahi -2

Чт окт 27 13:09:05 MSK 2016
whoami -49
USER -1
syslog -1
rtkit -1
root -191
messagebus -1
lp -3
colord -1
avahi -2

Чт окт 27 13:09:10 MSK 2016
whoami -49
USER -1
syslog -1
rtkit -1
root -191
messagebus -1
lp -3
colord -1
avahi -2

Чт окт 27 13:09:15 MSK 2016
whoami -49
USER -1
syslog -1
rtkit -1
root -191
messagebus -1
lp -3
colord -1
avahi -2

Чт окт 27 13:09:20 MSK 2016
whoami -49
USER -1
syslog -1
rtkit -1
root -191
messagebus -1
lp -3
colord -1
avahi -2

Чт окт 27 13:09:25 MSK 2016
whoami -49
USER -1
syslog -1
rtkit -1
root -191
messagebus -1
lp -3
colord -1
avahi -2

Чт окт 27 13:09:30 MSK 2016
whoami -49
USER -1
syslog -1
rtkit -1
root -191
messagebus -1
lp -3
colord -1
avahi -2

Чт окт 27 13:09:35 MSK 2016
whoami -49
USER -1
syslog -1
rtkit -1
root -191
messagebus -1
lp -3
colord -1
avahi -2

Чт окт 27 13:09:40 MSK 2016
whoami -49
USER -1
syslog -1
rtkit -1
root -191
messagebus -1
lp -3
colord -1
avahi -2

Чт окт 27 13:09:45 MSK 2016
whoami -49
USER -1
syslog -1
rtkit -1
root -191
messagebus -1
lp -3
colord -1
avahi -2

Чт окт 27 13:09:50 MSK 2016
whoami -49
USER -1
syslog -1
rtkit -1
root -191
messagebus -1
lp -3
colord -1
avahi -2

Чт окт 27 13:09:55 MSK 2016
whoami -49
USER -1
syslog -1
rtkit -1
root -191
messagebus -1
lp -3
colord -1
avahi -2

Чт окт 27 13:10:00 MSK 2016
whoami -49
USER -1
syslog -1
rtkit -1
root -191
messagebus -1
lp -3
colord -1
avahi -2

Чт окт 27 13:10:06 MSK 2016
whoami -49
USER -1
syslog -1
rtkit -1
root -191
messagebus -1
lp -3
colord -1
avahi -2

Чт окт 27 13:10:46 MSK 2016
whoami -49
USER -1
syslog -1
rtkit -1
root -191
messagebus -1
lp -3
colord -1
avahi -2

Чт окт 27 13:10:52 MSK 2016
whoami -49
USER -1
syslog -1
rtkit -1
root -191
messagebus -1
lp -3
colord -1
avahi -2

Чт окт 27 13:10:57 MSK 2016
whoami -49
USER -1
syslog -1
rtkit -1
root -191
messagebus -1
lp -3
colord -1
avahi -2

Чт окт 27 13:11:02 MSK 2016
whoami -49
USER -1
syslog -1
rtkit -1
root -191
messagebus -1
lp -3
colord -1
avahi -2

Чт окт 27 13:11:07 MSK 2016
whoami -49
USER -1
syslog -1
rtkit -1
root -191
messagebus -1
lp -3
colord -1
avahi -2

Чт окт 27 13:11:12 MSK 2016
whoami -49
USER -1
syslog -1
rtkit -1
root -191
messagebus -1
lp -3
colord -1
avahi -2

Чт окт 27 13:11:17 MSK 2016
whoami -49
USER -1
syslog -1
rtkit -1
root -189
messagebus -1
lp -3
colord -1
avahi -2

Чт окт 27 13:11:22 MSK 2016
whoami -49
USER -1
syslog -1
rtkit -1
root -189
messagebus -1
lp -3
colord -1
avahi -2

Чт окт 27 13:11:27 MSK 2016
whoami -49
USER -1
syslog -1
rtkit -1
root -182
messagebus -1
lp -3
colord -1
avahi -2

Чт окт 27 13:11:32 MSK 2016
whoami -49
USER -1
syslog -1
rtkit -1
root -182
messagebus -1
lp -3
colord -1
avahi -2

Чт окт 27 13:11:37 MSK 2016
whoami -49
USER -1
syslog -1
rtkit -1
root -182
messagebus -1
lp -3
colord -1
avahi -2

Чт окт 27 13:11:42 MSK 2016
whoami -49
USER -1
syslog -1
rtkit -1
root -173
messagebus -1
lp -3
colord -1
avahi -2

Чт окт 27 13:11:47 MSK 2016
whoami -49
USER -1
syslog -1
rtkit -1
root -170
messagebus -1
lp -3
colord -1
avahi -2

Чт окт 27 13:11:52 MSK 2016
whoami -49
USER -1
syslog -1
rtkit -1
root -170
messagebus -1
lp -3
colord -1
avahi -2

Чт окт 27 13:11:57 MSK 2016
whoami -49
USER -1
syslog -1
rtkit -1
root -170
messagebus -1
lp -3
colord -1
avahi -2

Чт окт 27 13:12:02 MSK 2016
whoami -49
USER -1
syslog -1
rtkit -1
root -170
messagebus -1
lp -3
colord -1
avahi -2

Чт окт 27 13:12:07 MSK 2016
whoami -48
USER -1
syslog -1
rtkit -1
root -169
messagebus -1
lp -3
colord -1
avahi -2

Чт окт 27 13:12:12 MSK 2016
whoami -48
USER -1
syslog -1
rtkit -1
root -167
messagebus -1
lp -3
colord -1
avahi -2

Чт окт 27 13:12:17 MSK 2016
whoami -48
USER -1
syslog -1
rtkit -1
root -168
messagebus -1
lp -3
colord -1
avahi -2

Чт окт 27 13:12:22 MSK 2016
whoami -48
USER -1
syslog -1
rtkit -1
root -168
messagebus -1
lp -3
colord -1
avahi -2

Чт окт 27 13:12:27 MSK 2016
whoami -48
USER -1
syslog -1
rtkit -1
root -168
messagebus -1
lp -3
colord -1
avahi -2

Чт окт 27 13:12:32 MSK 2016
whoami -48
USER -1
syslog -1
rtkit -1
root -168
messagebus -1
lp -3
colord -1
avahi -2

Чт окт 27 13:12:37 MSK 2016
whoami -48
USER -1
syslog -1
rtkit -1
root -168
messagebus -1
lp -3
colord -1
avahi -2
